<testsuites id="" name="" tests="1" failures="0" skipped="0" errors="0" time="43.327044">
<testsuite name="tracing.spec.ts" timestamp="2026-02-08T14:19:05.869Z" hostname="chromium" tests="1" failures="0" skipped="0" time="37.856" errors="0">
<testcase name="tracing" classname="tracing.spec.ts" time="37.856">
<system-out>
<![CDATA[
[[ATTACHMENT|..\test-results\tracing-tracing-chromium\test-failed-1.png]]

[[ATTACHMENT|..\test-results\tracing-tracing-chromium\video.webm]]

[[ATTACHMENT|..\test-results\tracing-tracing-chromium\error-context.md]]

[[ATTACHMENT|..\test-results\tracing-tracing-chromium\trace.zip]]
]]>
</system-out>
</testcase>
</testsuite>
</testsuites>